2020-03-25 v->1.0.0 首次发布

2020-03-27 v->1.0.1 
	1、更新委托创建接口
	2、更新样品查询接口
	3、修复部分接口bug
	
2020-03-27 v->1.0.2
	1、修改部分接口bug（主要为请求类型的错误）
	
2020-03-28 v->1.0.3
	1、去除所有修改接口的必填字段：creator
	2、修改gson转换Integer类型错误的问题
	
2020-03-28 v->1.0.4
	1、修改找不到static gson的问题

2020-03-29 v->1.0.5
	1、修改704所检测业务管理系统服务平台服务规范-资源管理服务分册V1.2.doc的修改项
	
2020-03-30 v->1.0.6
	1、修复QueryDeviceSourceRequest、QueryDeviceUseRequest 没有AbstractQueryAPIRequest类的问题
	
2020-03-31 v->1.0.7
	1、修复了Query查询返回的是Map不是实体的问题
	
2020-03-31 v->1.0.8
	1、修复了部分查询接口没有继承AbstractQueryAPIRequest问题
	
2020-03-31 v->1.0.9
	1、见704所检测业务管理系统服务平台服务规范-资源管理服务分册V1.3.doc
	
2020-04-01 v->1.0.10
	1、Token、TokenProject新增字段
	
2020-04-02 v->1.0.11
	1、新增querySampleByTokenWrite接口
	2、Token新增字段
	
2020-04-06 v->1.0.12
	1、更新请求地址版本V1.0-> v1.0
	2、修改部分接口
	
2020-04-08 v->1.0.13
	1、修改检测标准中的部分接口参数与验证问题
	
2020-04-08 v->1.0.14
	1、修改Device的price的字段类型由Integer变更为Double
	
2020-04-10 ->1.0.15
	1、委托新增委托单路径和委托单生成状态
	2、修改CreateReportRequest的必填参数

2020-04-10 ->1.0.16
	1、修改CreateReportRequest的必填参数
	
2020-04-11 ->1.0.17
	1、新增modifyTaskById 接口
	
2020-04-11 ->1.0.18
	1、新增queryProjectByTokenWrite 接口
	2、移除querySampleByTokenWrite接口
	
2020-04-11 -> 1.0.19
	1、Token添加tokenNo字段
	
2020-04-13 -> 1.0.20
	1、新增CreateTaskFlowRequest.java、ModifyTaskFlowRequest.java、QueryTaskFlowRequest.java
	
2020-04-13 -> 1.0.21
	1、TaskFlow 添加基础字段
	
2020-04-13 -> 1.0.22
	1、修改QueryTaskFlowRequest的method PUT->POST
	
2020-04-15 -> 1.0.23
	1、新增CreateTaskChangeLogRequest、QueryTaskChangeLogRequest接口
	
2020-04-17 -> 1.0.24
	1、新增Sample、TokenProject中的参数
	2、修改所有Modify请求的必填参数

2020-04-20 -> 1.0.25
	1、com.labbol.smeri.api.resource.device.support.DeviceUse新增字段